<?xml version="1.0" encoding="UTF-8"?>
<robot generator="Robot 4.1.2 (Python 3.9.5 on win32)" generated="20211112 02:05:03.991" rpa="false" schemaversion="2">
<suite id="s1" name="TestSuites" source="E:\SuperMarket\SM-Robot-Framework\TestSuites">
<suite id="s1-s1" name="TC01 Login" source="E:\SuperMarket\SM-Robot-Framework\TestSuites\TC01_Login.robot">
<kw name="Open my Browser" library="login" type="SETUP">
<kw name="Open Browser" library="SeleniumLibrary">
<arg>${LOGIN URL}</arg>
<arg>${BROWSER}</arg>
<doc>Opens a new browser instance to the optional ``url``.</doc>
<msg timestamp="20211112 02:05:05.012" level="INFO">Opening browser 'Chrome' to base url 'http://supermarket-tws.somee.com/'.</msg>
<status status="PASS" starttime="20211112 02:05:05.012" endtime="20211112 02:05:12.167"/>
</kw>
<kw name="Maximize Browser Window" library="SeleniumLibrary">
<doc>Maximizes current browser window.</doc>
<status status="PASS" starttime="20211112 02:05:12.167" endtime="20211112 02:05:12.302"/>
</kw>
<status status="PASS" starttime="20211112 02:05:05.012" endtime="20211112 02:05:12.302"/>
</kw>
<test id="s1-s1-t1" name="Empty user right pass">
<kw name="Login value">
<arg>${EMPTY}</arg>
<arg>admin-123</arg>
<arg>Please fill out this field.</arg>
<tag>FLAT</tag>
<kw name="Click Link" library="SeleniumLibrary">
<arg>Login</arg>
<doc>Clicks a link identified by ``locator``.</doc>
<msg timestamp="20211112 02:05:12.305" level="INFO">Clicking link 'Login'.</msg>
<status status="PASS" starttime="20211112 02:05:12.305" endtime="20211112 02:05:14.086"/>
</kw>
<kw name="Wait Until Element Is Visible" library="SeleniumLibrary">
<arg>id=UserName</arg>
<doc>Waits until the element ``locator`` is visible.</doc>
<status status="PASS" starttime="20211112 02:05:14.087" endtime="20211112 02:05:14.121"/>
</kw>
<kw name="Scroll Element Into View" library="SeleniumLibrary">
<arg>xpath=//a[normalize-space()='Register Here']</arg>
<doc>Scrolls the element identified by ``locator`` into view.</doc>
<status status="PASS" starttime="20211112 02:05:14.121" endtime="20211112 02:05:14.412"/>
</kw>
<kw name="Input username" library="login">
<arg>${username}</arg>
<kw name="Input Text" library="SeleniumLibrary">
<arg>id=UserName</arg>
<arg>${username}</arg>
<doc>Types the given ``text`` into the text field identified by ``locator``.</doc>
<msg timestamp="20211112 02:05:14.415" level="INFO">Typing text '' into text field 'id=UserName'.</msg>
<status status="PASS" starttime="20211112 02:05:14.414" endtime="20211112 02:05:14.493"/>
</kw>
<status status="PASS" starttime="20211112 02:05:14.412" endtime="20211112 02:05:14.493"/>
</kw>
<kw name="Input pwd" library="login">
<arg>${password}</arg>
<kw name="Input Password" library="SeleniumLibrary">
<arg>id=Password</arg>
<arg>${password}</arg>
<doc>Types the given password into the text field identified by ``locator``.</doc>
<msg timestamp="20211112 02:05:14.494" level="INFO">Typing password into text field 'id=Password'.</msg>
<msg timestamp="20211112 02:05:14.536" level="INFO">Temporally setting log level to: NONE</msg>
<msg timestamp="20211112 02:05:14.585" level="INFO">Log level changed from NONE to INFO.</msg>
<status status="PASS" starttime="20211112 02:05:14.494" endtime="20211112 02:05:14.586"/>
</kw>
<status status="PASS" starttime="20211112 02:05:14.493" endtime="20211112 02:05:14.586"/>
</kw>
<kw name="Click login button" library="login">
<kw name="Click Button" library="SeleniumLibrary">
<arg>id=LoginButton</arg>
<doc>Clicks the button identified by ``locator``.</doc>
<msg timestamp="20211112 02:05:14.586" level="INFO">Clicking button 'id=LoginButton'.</msg>
<status status="PASS" starttime="20211112 02:05:14.586" endtime="20211112 02:05:14.644"/>
</kw>
<status status="PASS" starttime="20211112 02:05:14.586" endtime="20211112 02:05:14.645"/>
</kw>
<kw name="Output page should be visible" library="login">
<arg>${username}</arg>
<arg>${password}</arg>
<arg>${output}</arg>
<kw name="Run Keyword And Return Status" library="BuiltIn">
<var>${output}</var>
<arg>page should contain</arg>
<arg>SUPER MARKET</arg>
<doc>Runs the given keyword with given arguments and returns the status as a Boolean value.</doc>
<kw name="Page Should Contain" library="SeleniumLibrary">
<arg>SUPER MARKET</arg>
<doc>Verifies that current page contains ``text``.</doc>
<kw name="Capture Page Screenshot" library="SeleniumLibrary">
<doc>Takes a screenshot of the current page and embeds it into a log file.</doc>
<msg timestamp="20211112 02:05:15.077" level="INFO" html="true">&lt;/td&gt;&lt;/tr&gt;&lt;tr&gt;&lt;td colspan="3"&gt;&lt;a href="selenium-screenshot-6.png"&gt;&lt;img src="selenium-screenshot-6.png" width="800px"&gt;&lt;/a&gt;</msg>
<status status="PASS" starttime="20211112 02:05:14.682" endtime="20211112 02:05:15.077"/>
</kw>
<msg timestamp="20211112 02:05:15.079" level="FAIL">Page should have contained text 'SUPER MARKET' but did not.</msg>
<status status="FAIL" starttime="20211112 02:05:14.646" endtime="20211112 02:05:15.079"/>
</kw>
<msg timestamp="20211112 02:05:15.079" level="INFO">${output} = False</msg>
<status status="PASS" starttime="20211112 02:05:14.646" endtime="20211112 02:05:15.079"/>
</kw>
<kw name="Run Keyword If" library="BuiltIn">
<arg>${output}</arg>
<arg>element should contain</arg>
<arg>xpath=//div[@class='text-danger']</arg>
<arg>${output}</arg>
<doc>Runs the given keyword with the given arguments, if ``condition`` is true.</doc>
<status status="PASS" starttime="20211112 02:05:15.079" endtime="20211112 02:05:15.079"/>
</kw>
<kw name="Run Keyword If" library="BuiltIn">
<arg>${output}</arg>
<arg>wait until page contains</arg>
<arg>${output}</arg>
<doc>Runs the given keyword with the given arguments, if ``condition`` is true.</doc>
<status status="PASS" starttime="20211112 02:05:15.079" endtime="20211112 02:05:15.080"/>
</kw>
<status status="PASS" starttime="20211112 02:05:14.645" endtime="20211112 02:05:15.080"/>
</kw>
<status status="PASS" starttime="20211112 02:05:12.304" endtime="20211112 02:05:15.080"/>
</kw>
<doc>This is a test case to login when the username is empty</doc>
<tag>TC01</tag>
<status status="PASS" starttime="20211112 02:05:12.302" endtime="20211112 02:05:15.080"/>
</test>
<test id="s1-s1-t2" name="Empty pass right user">
<kw name="Login value">
<arg>admin</arg>
<arg>${EMPTY}</arg>
<arg>Please fill out this field.</arg>
<tag>FLAT</tag>
<kw name="Click Link" library="SeleniumLibrary">
<arg>Login</arg>
<doc>Clicks a link identified by ``locator``.</doc>
<msg timestamp="20211112 02:05:15.085" level="INFO">Clicking link 'Login'.</msg>
<status status="PASS" starttime="20211112 02:05:15.085" endtime="20211112 02:05:16.410"/>
</kw>
<kw name="Wait Until Element Is Visible" library="SeleniumLibrary">
<arg>id=UserName</arg>
<doc>Waits until the element ``locator`` is visible.</doc>
<status status="PASS" starttime="20211112 02:05:16.411" endtime="20211112 02:05:16.445"/>
</kw>
<kw name="Scroll Element Into View" library="SeleniumLibrary">
<arg>xpath=//a[normalize-space()='Register Here']</arg>
<doc>Scrolls the element identified by ``locator`` into view.</doc>
<status status="PASS" starttime="20211112 02:05:16.445" endtime="20211112 02:05:16.735"/>
</kw>
<kw name="Input username" library="login">
<arg>${username}</arg>
<kw name="Input Text" library="SeleniumLibrary">
<arg>id=UserName</arg>
<arg>${username}</arg>
<doc>Types the given ``text`` into the text field identified by ``locator``.</doc>
<msg timestamp="20211112 02:05:16.737" level="INFO">Typing text 'admin' into text field 'id=UserName'.</msg>
<status status="PASS" starttime="20211112 02:05:16.736" endtime="20211112 02:05:16.826"/>
</kw>
<status status="PASS" starttime="20211112 02:05:16.735" endtime="20211112 02:05:16.826"/>
</kw>
<kw name="Input pwd" library="login">
<arg>${password}</arg>
<kw name="Input Password" library="SeleniumLibrary">
<arg>id=Password</arg>
<arg>${password}</arg>
<doc>Types the given password into the text field identified by ``locator``.</doc>
<msg timestamp="20211112 02:05:16.827" level="INFO">Typing password into text field 'id=Password'.</msg>
<msg timestamp="20211112 02:05:16.863" level="INFO">Temporally setting log level to: NONE</msg>
<msg timestamp="20211112 02:05:16.896" level="INFO">Log level changed from NONE to INFO.</msg>
<status status="PASS" starttime="20211112 02:05:16.827" endtime="20211112 02:05:16.896"/>
</kw>
<status status="PASS" starttime="20211112 02:05:16.826" endtime="20211112 02:05:16.896"/>
</kw>
<kw name="Click login button" library="login">
<kw name="Click Button" library="SeleniumLibrary">
<arg>id=LoginButton</arg>
<doc>Clicks the button identified by ``locator``.</doc>
<msg timestamp="20211112 02:05:16.897" level="INFO">Clicking button 'id=LoginButton'.</msg>
<status status="PASS" starttime="20211112 02:05:16.897" endtime="20211112 02:05:16.948"/>
</kw>
<status status="PASS" starttime="20211112 02:05:16.896" endtime="20211112 02:05:16.949"/>
</kw>
<kw name="Output page should be visible" library="login">
<arg>${username}</arg>
<arg>${password}</arg>
<arg>${output}</arg>
<kw name="Run Keyword And Return Status" library="BuiltIn">
<var>${output}</var>
<arg>page should contain</arg>
<arg>SUPER MARKET</arg>
<doc>Runs the given keyword with given arguments and returns the status as a Boolean value.</doc>
<kw name="Page Should Contain" library="SeleniumLibrary">
<arg>SUPER MARKET</arg>
<doc>Verifies that current page contains ``text``.</doc>
<kw name="Capture Page Screenshot" library="SeleniumLibrary">
<doc>Takes a screenshot of the current page and embeds it into a log file.</doc>
<msg timestamp="20211112 02:05:17.139" level="INFO" html="true">&lt;/td&gt;&lt;/tr&gt;&lt;tr&gt;&lt;td colspan="3"&gt;&lt;a href="selenium-screenshot-7.png"&gt;&lt;img src="selenium-screenshot-7.png" width="800px"&gt;&lt;/a&gt;</msg>
<status status="PASS" starttime="20211112 02:05:16.976" endtime="20211112 02:05:17.139"/>
</kw>
<msg timestamp="20211112 02:05:17.139" level="FAIL">Page should have contained text 'SUPER MARKET' but did not.</msg>
<status status="FAIL" starttime="20211112 02:05:16.950" endtime="20211112 02:05:17.140"/>
</kw>
<msg timestamp="20211112 02:05:17.140" level="INFO">${output} = False</msg>
<status status="PASS" starttime="20211112 02:05:16.949" endtime="20211112 02:05:17.140"/>
</kw>
<kw name="Run Keyword If" library="BuiltIn">
<arg>${output}</arg>
<arg>element should contain</arg>
<arg>xpath=//div[@class='text-danger']</arg>
<arg>${output}</arg>
<doc>Runs the given keyword with the given arguments, if ``condition`` is true.</doc>
<status status="PASS" starttime="20211112 02:05:17.140" endtime="20211112 02:05:17.140"/>
</kw>
<kw name="Run Keyword If" library="BuiltIn">
<arg>${output}</arg>
<arg>wait until page contains</arg>
<arg>${output}</arg>
<doc>Runs the given keyword with the given arguments, if ``condition`` is true.</doc>
<status status="PASS" starttime="20211112 02:05:17.140" endtime="20211112 02:05:17.140"/>
</kw>
<status status="PASS" starttime="20211112 02:05:16.949" endtime="20211112 02:05:17.140"/>
</kw>
<status status="PASS" starttime="20211112 02:05:15.084" endtime="20211112 02:05:17.141"/>
</kw>
<doc>This is a test case to login when the password is empty</doc>
<tag>TC01</tag>
<status status="PASS" starttime="20211112 02:05:15.082" endtime="20211112 02:05:17.141"/>
</test>
<test id="s1-s1-t3" name="Right pass wrong user">
<kw name="Login value">
<arg>abcd</arg>
<arg>admin-123</arg>
<arg>Your login attempt was not successful. Please try again.</arg>
<tag>FLAT</tag>
<kw name="Click Link" library="SeleniumLibrary">
<arg>Login</arg>
<doc>Clicks a link identified by ``locator``.</doc>
<msg timestamp="20211112 02:05:17.145" level="INFO">Clicking link 'Login'.</msg>
<status status="PASS" starttime="20211112 02:05:17.145" endtime="20211112 02:05:18.105"/>
</kw>
<kw name="Wait Until Element Is Visible" library="SeleniumLibrary">
<arg>id=UserName</arg>
<doc>Waits until the element ``locator`` is visible.</doc>
<status status="PASS" starttime="20211112 02:05:18.105" endtime="20211112 02:05:18.132"/>
</kw>
<kw name="Scroll Element Into View" library="SeleniumLibrary">
<arg>xpath=//a[normalize-space()='Register Here']</arg>
<doc>Scrolls the element identified by ``locator`` into view.</doc>
<status status="PASS" starttime="20211112 02:05:18.132" endtime="20211112 02:05:18.419"/>
</kw>
<kw name="Input username" library="login">
<arg>${username}</arg>
<kw name="Input Text" library="SeleniumLibrary">
<arg>id=UserName</arg>
<arg>${username}</arg>
<doc>Types the given ``text`` into the text field identified by ``locator``.</doc>
<msg timestamp="20211112 02:05:18.422" level="INFO">Typing text 'abcd' into text field 'id=UserName'.</msg>
<status status="PASS" starttime="20211112 02:05:18.421" endtime="20211112 02:05:18.506"/>
</kw>
<status status="PASS" starttime="20211112 02:05:18.419" endtime="20211112 02:05:18.506"/>
</kw>
<kw name="Input pwd" library="login">
<arg>${password}</arg>
<kw name="Input Password" library="SeleniumLibrary">
<arg>id=Password</arg>
<arg>${password}</arg>
<doc>Types the given password into the text field identified by ``locator``.</doc>
<msg timestamp="20211112 02:05:18.507" level="INFO">Typing password into text field 'id=Password'.</msg>
<msg timestamp="20211112 02:05:18.544" level="INFO">Temporally setting log level to: NONE</msg>
<msg timestamp="20211112 02:05:18.586" level="INFO">Log level changed from NONE to INFO.</msg>
<status status="PASS" starttime="20211112 02:05:18.507" endtime="20211112 02:05:18.586"/>
</kw>
<status status="PASS" starttime="20211112 02:05:18.506" endtime="20211112 02:05:18.587"/>
</kw>
<kw name="Click login button" library="login">
<kw name="Click Button" library="SeleniumLibrary">
<arg>id=LoginButton</arg>
<doc>Clicks the button identified by ``locator``.</doc>
<msg timestamp="20211112 02:05:18.587" level="INFO">Clicking button 'id=LoginButton'.</msg>
<status status="PASS" starttime="20211112 02:05:18.587" endtime="20211112 02:05:20.004"/>
</kw>
<status status="PASS" starttime="20211112 02:05:18.587" endtime="20211112 02:05:20.005"/>
</kw>
<kw name="Output page should be visible" library="login">
<arg>${username}</arg>
<arg>${password}</arg>
<arg>${output}</arg>
<kw name="Run Keyword And Return Status" library="BuiltIn">
<var>${output}</var>
<arg>page should contain</arg>
<arg>SUPER MARKET</arg>
<doc>Runs the given keyword with given arguments and returns the status as a Boolean value.</doc>
<kw name="Page Should Contain" library="SeleniumLibrary">
<arg>SUPER MARKET</arg>
<doc>Verifies that current page contains ``text``.</doc>
<kw name="Capture Page Screenshot" library="SeleniumLibrary">
<doc>Takes a screenshot of the current page and embeds it into a log file.</doc>
<msg timestamp="20211112 02:05:20.189" level="INFO" html="true">&lt;/td&gt;&lt;/tr&gt;&lt;tr&gt;&lt;td colspan="3"&gt;&lt;a href="selenium-screenshot-8.png"&gt;&lt;img src="selenium-screenshot-8.png" width="800px"&gt;&lt;/a&gt;</msg>
<status status="PASS" starttime="20211112 02:05:20.037" endtime="20211112 02:05:20.190"/>
</kw>
<msg timestamp="20211112 02:05:20.190" level="FAIL">Page should have contained text 'SUPER MARKET' but did not.</msg>
<status status="FAIL" starttime="20211112 02:05:20.007" endtime="20211112 02:05:20.190"/>
</kw>
<msg timestamp="20211112 02:05:20.190" level="INFO">${output} = False</msg>
<status status="PASS" starttime="20211112 02:05:20.006" endtime="20211112 02:05:20.190"/>
</kw>
<kw name="Run Keyword If" library="BuiltIn">
<arg>${output}</arg>
<arg>element should contain</arg>
<arg>xpath=//div[@class='text-danger']</arg>
<arg>${output}</arg>
<doc>Runs the given keyword with the given arguments, if ``condition`` is true.</doc>
<status status="PASS" starttime="20211112 02:05:20.191" endtime="20211112 02:05:20.191"/>
</kw>
<kw name="Run Keyword If" library="BuiltIn">
<arg>${output}</arg>
<arg>wait until page contains</arg>
<arg>${output}</arg>
<doc>Runs the given keyword with the given arguments, if ``condition`` is true.</doc>
<status status="PASS" starttime="20211112 02:05:20.191" endtime="20211112 02:05:20.191"/>
</kw>
<status status="PASS" starttime="20211112 02:05:20.005" endtime="20211112 02:05:20.191"/>
</kw>
<status status="PASS" starttime="20211112 02:05:17.145" endtime="20211112 02:05:20.192"/>
</kw>
<doc>This is a test case to login when the username is wrong</doc>
<tag>TC01</tag>
<status status="PASS" starttime="20211112 02:05:17.143" endtime="20211112 02:05:20.192"/>
</test>
<test id="s1-s1-t4" name="Right user wrong pass">
<kw name="Login value">
<arg>admin</arg>
<arg>asd-1245</arg>
<arg>Your login attempt was not successful. Please try again.</arg>
<tag>FLAT</tag>
<kw name="Click Link" library="SeleniumLibrary">
<arg>Login</arg>
<doc>Clicks a link identified by ``locator``.</doc>
<msg timestamp="20211112 02:05:20.196" level="INFO">Clicking link 'Login'.</msg>
<status status="PASS" starttime="20211112 02:05:20.196" endtime="20211112 02:05:21.383"/>
</kw>
<kw name="Wait Until Element Is Visible" library="SeleniumLibrary">
<arg>id=UserName</arg>
<doc>Waits until the element ``locator`` is visible.</doc>
<status status="PASS" starttime="20211112 02:05:21.383" endtime="20211112 02:05:21.407"/>
</kw>
<kw name="Scroll Element Into View" library="SeleniumLibrary">
<arg>xpath=//a[normalize-space()='Register Here']</arg>
<doc>Scrolls the element identified by ``locator`` into view.</doc>
<status status="PASS" starttime="20211112 02:05:21.407" endtime="20211112 02:05:21.705"/>
</kw>
<kw name="Input username" library="login">
<arg>${username}</arg>
<kw name="Input Text" library="SeleniumLibrary">
<arg>id=UserName</arg>
<arg>${username}</arg>
<doc>Types the given ``text`` into the text field identified by ``locator``.</doc>
<msg timestamp="20211112 02:05:21.707" level="INFO">Typing text 'admin' into text field 'id=UserName'.</msg>
<status status="PASS" starttime="20211112 02:05:21.706" endtime="20211112 02:05:21.796"/>
</kw>
<status status="PASS" starttime="20211112 02:05:21.705" endtime="20211112 02:05:21.797"/>
</kw>
<kw name="Input pwd" library="login">
<arg>${password}</arg>
<kw name="Input Password" library="SeleniumLibrary">
<arg>id=Password</arg>
<arg>${password}</arg>
<doc>Types the given password into the text field identified by ``locator``.</doc>
<msg timestamp="20211112 02:05:21.797" level="INFO">Typing password into text field 'id=Password'.</msg>
<msg timestamp="20211112 02:05:21.832" level="INFO">Temporally setting log level to: NONE</msg>
<msg timestamp="20211112 02:05:21.872" level="INFO">Log level changed from NONE to INFO.</msg>
<status status="PASS" starttime="20211112 02:05:21.797" endtime="20211112 02:05:21.872"/>
</kw>
<status status="PASS" starttime="20211112 02:05:21.797" endtime="20211112 02:05:21.872"/>
</kw>
<kw name="Click login button" library="login">
<kw name="Click Button" library="SeleniumLibrary">
<arg>id=LoginButton</arg>
<doc>Clicks the button identified by ``locator``.</doc>
<msg timestamp="20211112 02:05:21.873" level="INFO">Clicking button 'id=LoginButton'.</msg>
<status status="PASS" starttime="20211112 02:05:21.873" endtime="20211112 02:05:23.304"/>
</kw>
<status status="PASS" starttime="20211112 02:05:21.872" endtime="20211112 02:05:23.305"/>
</kw>
<kw name="Output page should be visible" library="login">
<arg>${username}</arg>
<arg>${password}</arg>
<arg>${output}</arg>
<kw name="Run Keyword And Return Status" library="BuiltIn">
<var>${output}</var>
<arg>page should contain</arg>
<arg>SUPER MARKET</arg>
<doc>Runs the given keyword with given arguments and returns the status as a Boolean value.</doc>
<kw name="Page Should Contain" library="SeleniumLibrary">
<arg>SUPER MARKET</arg>
<doc>Verifies that current page contains ``text``.</doc>
<kw name="Capture Page Screenshot" library="SeleniumLibrary">
<doc>Takes a screenshot of the current page and embeds it into a log file.</doc>
<msg timestamp="20211112 02:05:23.481" level="INFO" html="true">&lt;/td&gt;&lt;/tr&gt;&lt;tr&gt;&lt;td colspan="3"&gt;&lt;a href="selenium-screenshot-9.png"&gt;&lt;img src="selenium-screenshot-9.png" width="800px"&gt;&lt;/a&gt;</msg>
<status status="PASS" starttime="20211112 02:05:23.337" endtime="20211112 02:05:23.481"/>
</kw>
<msg timestamp="20211112 02:05:23.482" level="FAIL">Page should have contained text 'SUPER MARKET' but did not.</msg>
<status status="FAIL" starttime="20211112 02:05:23.307" endtime="20211112 02:05:23.482"/>
</kw>
<msg timestamp="20211112 02:05:23.482" level="INFO">${output} = False</msg>
<status status="PASS" starttime="20211112 02:05:23.307" endtime="20211112 02:05:23.482"/>
</kw>
<kw name="Run Keyword If" library="BuiltIn">
<arg>${output}</arg>
<arg>element should contain</arg>
<arg>xpath=//div[@class='text-danger']</arg>
<arg>${output}</arg>
<doc>Runs the given keyword with the given arguments, if ``condition`` is true.</doc>
<status status="PASS" starttime="20211112 02:05:23.482" endtime="20211112 02:05:23.482"/>
</kw>
<kw name="Run Keyword If" library="BuiltIn">
<arg>${output}</arg>
<arg>wait until page contains</arg>
<arg>${output}</arg>
<doc>Runs the given keyword with the given arguments, if ``condition`` is true.</doc>
<status status="PASS" starttime="20211112 02:05:23.483" endtime="20211112 02:05:23.483"/>
</kw>
<status status="PASS" starttime="20211112 02:05:23.305" endtime="20211112 02:05:23.483"/>
</kw>
<status status="PASS" starttime="20211112 02:05:20.196" endtime="20211112 02:05:23.483"/>
</kw>
<doc>This is a test case to login when the password is wrong</doc>
<tag>TC01</tag>
<status status="PASS" starttime="20211112 02:05:20.194" endtime="20211112 02:05:23.484"/>
</test>
<test id="s1-s1-t5" name="Right user right pass">
<kw name="Login value">
<arg>admin</arg>
<arg>admin-123</arg>
<arg>admin</arg>
<tag>FLAT</tag>
<kw name="Click Link" library="SeleniumLibrary">
<arg>Login</arg>
<doc>Clicks a link identified by ``locator``.</doc>
<msg timestamp="20211112 02:05:23.488" level="INFO">Clicking link 'Login'.</msg>
<status status="PASS" starttime="20211112 02:05:23.487" endtime="20211112 02:05:24.801"/>
</kw>
<kw name="Wait Until Element Is Visible" library="SeleniumLibrary">
<arg>id=UserName</arg>
<doc>Waits until the element ``locator`` is visible.</doc>
<status status="PASS" starttime="20211112 02:05:24.802" endtime="20211112 02:05:24.827"/>
</kw>
<kw name="Scroll Element Into View" library="SeleniumLibrary">
<arg>xpath=//a[normalize-space()='Register Here']</arg>
<doc>Scrolls the element identified by ``locator`` into view.</doc>
<status status="PASS" starttime="20211112 02:05:24.827" endtime="20211112 02:05:25.109"/>
</kw>
<kw name="Input username" library="login">
<arg>${username}</arg>
<kw name="Input Text" library="SeleniumLibrary">
<arg>id=UserName</arg>
<arg>${username}</arg>
<doc>Types the given ``text`` into the text field identified by ``locator``.</doc>
<msg timestamp="20211112 02:05:25.113" level="INFO">Typing text 'admin' into text field 'id=UserName'.</msg>
<status status="PASS" starttime="20211112 02:05:25.112" endtime="20211112 02:05:25.204"/>
</kw>
<status status="PASS" starttime="20211112 02:05:25.110" endtime="20211112 02:05:25.205"/>
</kw>
<kw name="Input pwd" library="login">
<arg>${password}</arg>
<kw name="Input Password" library="SeleniumLibrary">
<arg>id=Password</arg>
<arg>${password}</arg>
<doc>Types the given password into the text field identified by ``locator``.</doc>
<msg timestamp="20211112 02:05:25.205" level="INFO">Typing password into text field 'id=Password'.</msg>
<msg timestamp="20211112 02:05:25.240" level="INFO">Temporally setting log level to: NONE</msg>
<msg timestamp="20211112 02:05:25.289" level="INFO">Log level changed from NONE to INFO.</msg>
<status status="PASS" starttime="20211112 02:05:25.205" endtime="20211112 02:05:25.290"/>
</kw>
<status status="PASS" starttime="20211112 02:05:25.205" endtime="20211112 02:05:25.290"/>
</kw>
<kw name="Click login button" library="login">
<kw name="Click Button" library="SeleniumLibrary">
<arg>id=LoginButton</arg>
<doc>Clicks the button identified by ``locator``.</doc>
<msg timestamp="20211112 02:05:25.290" level="INFO">Clicking button 'id=LoginButton'.</msg>
<status status="PASS" starttime="20211112 02:05:25.290" endtime="20211112 02:05:27.206"/>
</kw>
<status status="PASS" starttime="20211112 02:05:25.290" endtime="20211112 02:05:27.206"/>
</kw>
<kw name="Output page should be visible" library="login">
<arg>${username}</arg>
<arg>${password}</arg>
<arg>${output}</arg>
<kw name="Run Keyword And Return Status" library="BuiltIn">
<var>${output}</var>
<arg>page should contain</arg>
<arg>SUPER MARKET</arg>
<doc>Runs the given keyword with given arguments and returns the status as a Boolean value.</doc>
<kw name="Page Should Contain" library="SeleniumLibrary">
<arg>SUPER MARKET</arg>
<doc>Verifies that current page contains ``text``.</doc>
<kw name="Capture Page Screenshot" library="SeleniumLibrary">
<doc>Takes a screenshot of the current page and embeds it into a log file.</doc>
<msg timestamp="20211112 02:05:27.957" level="INFO" html="true">&lt;/td&gt;&lt;/tr&gt;&lt;tr&gt;&lt;td colspan="3"&gt;&lt;a href="selenium-screenshot-10.png"&gt;&lt;img src="selenium-screenshot-10.png" width="800px"&gt;&lt;/a&gt;</msg>
<status status="PASS" starttime="20211112 02:05:27.233" endtime="20211112 02:05:27.957"/>
</kw>
<msg timestamp="20211112 02:05:27.957" level="FAIL">Page should have contained text 'SUPER MARKET' but did not.</msg>
<status status="FAIL" starttime="20211112 02:05:27.207" endtime="20211112 02:05:27.958"/>
</kw>
<msg timestamp="20211112 02:05:27.958" level="INFO">${output} = False</msg>
<status status="PASS" starttime="20211112 02:05:27.206" endtime="20211112 02:05:27.958"/>
</kw>
<kw name="Run Keyword If" library="BuiltIn">
<arg>${output}</arg>
<arg>element should contain</arg>
<arg>xpath=//div[@class='text-danger']</arg>
<arg>${output}</arg>
<doc>Runs the given keyword with the given arguments, if ``condition`` is true.</doc>
<status status="PASS" starttime="20211112 02:05:27.958" endtime="20211112 02:05:27.958"/>
</kw>
<kw name="Run Keyword If" library="BuiltIn">
<arg>${output}</arg>
<arg>wait until page contains</arg>
<arg>${output}</arg>
<doc>Runs the given keyword with the given arguments, if ``condition`` is true.</doc>
<status status="PASS" starttime="20211112 02:05:27.958" endtime="20211112 02:05:27.959"/>
</kw>
<status status="PASS" starttime="20211112 02:05:27.206" endtime="20211112 02:05:27.959"/>
</kw>
<status status="PASS" starttime="20211112 02:05:23.487" endtime="20211112 02:05:27.959"/>
</kw>
<doc>This is a successful login test case</doc>
<tag>TC01</tag>
<status status="PASS" starttime="20211112 02:05:23.486" endtime="20211112 02:05:27.959"/>
</test>
<kw name="Close Browsers" library="login" type="TEARDOWN">
<kw name="Close All Browsers" library="SeleniumLibrary">
<doc>Closes all open browsers and resets the browser cache.</doc>
<status status="PASS" starttime="20211112 02:05:27.962" endtime="20211112 02:05:30.094"/>
</kw>
<status status="PASS" starttime="20211112 02:05:27.962" endtime="20211112 02:05:30.095"/>
</kw>
<status status="PASS" starttime="20211112 02:05:04.021" endtime="20211112 02:05:30.095"/>
</suite>
<status status="PASS" starttime="20211112 02:05:03.993" endtime="20211112 02:05:30.101"/>
</suite>
<statistics>
<total>
<stat pass="5" fail="0" skip="0">All Tests</stat>
</total>
<tag>
<stat pass="5" fail="0" skip="0">TC01</stat>
</tag>
<suite>
<stat pass="5" fail="0" skip="0" id="s1" name="TestSuites">TestSuites</stat>
<stat pass="5" fail="0" skip="0" id="s1-s1" name="TC01 Login">TestSuites.TC01 Login</stat>
</suite>
</statistics>
<errors>
</errors>
</robot>
